<?xml version="1.0" encoding="UTF-8"?>
<!-- Generated by org.testng.reporters.JUnitReportReporter -->
<testsuite skipped="0" hostname="Pakikaran" name="OrangeAutomation" tests="1" failures="0" timestamp="09 Aug 2019 09:26:28 GMT" time="23.961" errors="0">
  <testcase name="loginTest" time="23.961" classname="OrangeAutomation"/>
</testsuite> <!-- OrangeAutomation -->
